<?xml version="1.0" encoding="UTF-8"?>
<!-- Generated by org.testng.reporters.JUnitReportReporter -->
<testsuite hostname="DESKTOP-FPHRCMQ" failures="0" tests="1" name="test_1st.Alert_1" time="58.678" errors="0" timestamp="2022-07-22T14:17:04 IST" skipped="0">
  <testcase classname="test_1st.Alert_1" name="t1" time="58.678"/>
  <system-out/>
</testsuite> <!-- test_1st.Alert_1 -->
