<?xml version="1.0" encoding="UTF-8"?>
<!-- Generated by org.testng.reporters.JUnitReportReporter -->
<testsuite hostname="DESKTOP-FPHRCMQ" failures="0" tests="1" name="testc_A2.Verify_test" time="16.549" errors="0" timestamp="2022-07-23T15:33:58 IST" skipped="0">
  <testcase classname="testc_A2.Verify_test" name="tc_001" time="16.549"/>
  <system-out/>
</testsuite> <!-- testc_A2.Verify_test -->
