<?xml version="1.0" encoding="UTF-8"?>
<!-- Generated by org.testng.reporters.JUnitReportReporter -->
<testsuite hostname="DESKTOP-FPHRCMQ" failures="0" tests="1" name="test_1st.Drop_downSelect" time="54.399" errors="0" timestamp="2022-07-22T14:05:46 IST" skipped="0">
  <testcase classname="test_1st.Drop_downSelect" name="t1" time="54.399"/>
  <system-out/>
</testsuite> <!-- test_1st.Drop_downSelect -->
