<?xml version="1.0" encoding="UTF-8"?>
<!-- Generated by org.testng.reporters.JUnitReportReporter -->
<testsuite hostname="DESKTOP-FPHRCMQ" failures="0" tests="1" name="test_1st.childWindow_han" time="85.606" errors="0" timestamp="2022-07-22T15:30:37 IST" skipped="0">
  <testcase classname="test_1st.childWindow_han" name="t2" time="85.606"/>
  <system-out/>
</testsuite> <!-- test_1st.childWindow_han -->
